<?xml version="1.0" encoding="UTF-8"?>
<!-- Generated by org.testng.reporters.JUnitXMLReporter -->
<testsuite hostname="IL013472" ignored="0" name="Surefire test" tests="3" failures="0" timestamp="25 Jun 2020 10:59:18 GMT" time="0.029" errors="0">
  <testcase name="AppiumTest1" time="0.008" classname="qaclickacademy.AppiumTest"/>
  <testcase name="RestAPItesting" time="0.0" classname="qaclickacademy.RestAPITest"/>
  <testcase name="BrowserAutomation" time="0.0" classname="qaclickacademy.SeleniumTest"/>
</testsuite> <!-- Surefire test -->
