<?xml version="1.0" encoding="UTF-8"?>
<testng-results skipped="0" failed="0" ignored="0" total="3" passed="3">
  <reporter-output>
  </reporter-output>
  <suite name="Surefire suite" duration-ms="29" started-at="2020-06-25T10:59:18Z" finished-at="2020-06-25T10:59:18Z">
    <groups>
    </groups>
    <test name="Surefire test" duration-ms="29" started-at="2020-06-25T10:59:18Z" finished-at="2020-06-25T10:59:18Z">
      <class name="qaclickacademy.AppiumTest">
        <test-method status="PASS" signature="AppiumTest1()[pri:0, instance:qaclickacademy.AppiumTest@12843fce]" name="AppiumTest1" duration-ms="8" started-at="2020-06-25T16:29:18Z" finished-at="2020-06-25T16:29:18Z">
          <reporter-output>
          </reporter-output>
        </test-method> <!-- AppiumTest1 -->
      </class> <!-- qaclickacademy.AppiumTest -->
      <class name="qaclickacademy.RestAPITest">
        <test-method status="PASS" signature="RestAPItesting()[pri:0, instance:qaclickacademy.RestAPITest@26f67b76]" name="RestAPItesting" duration-ms="0" started-at="2020-06-25T16:29:18Z" finished-at="2020-06-25T16:29:18Z">
          <reporter-output>
          </reporter-output>
        </test-method> <!-- RestAPItesting -->
      </class> <!-- qaclickacademy.RestAPITest -->
      <class name="qaclickacademy.SeleniumTest">
        <test-method status="PASS" signature="BrowserAutomation()[pri:0, instance:qaclickacademy.SeleniumTest@153f5a29]" name="BrowserAutomation" duration-ms="0" started-at="2020-06-25T16:29:18Z" finished-at="2020-06-25T16:29:18Z">
          <reporter-output>
          </reporter-output>
        </test-method> <!-- BrowserAutomation -->
      </class> <!-- qaclickacademy.SeleniumTest -->
    </test> <!-- Surefire test -->
  </suite> <!-- Surefire suite -->
</testng-results>
